<?xml version="1.0" encoding="UTF-8"?>
<!-- Generated by org.testng.reporters.JUnitReportReporter -->
<testsuite hostname="APH10031" failures="0" tests="5" name="QAA_POM_NETOURS.script.Ntouristc01" time="17.405" errors="0" timestamp="2023-04-25T12:36:32 IST" skipped="0">
  <testcase classname="QAA_POM_NETOURS.script.Ntouristc01" name="launch" time="5.222"/>
  <system-out/>
  <testcase classname="QAA_POM_NETOURS.script.Ntouristc01" name="username" time="0.026"/>
  <system-out/>
  <testcase classname="QAA_POM_NETOURS.script.Ntouristc01" name="password" time="0.042"/>
  <system-out/>
  <testcase classname="QAA_POM_NETOURS.script.Ntouristc01" name="signin" time="11.099"/>
  <system-out/>
  <testcase classname="QAA_POM_NETOURS.script.Ntouristc01" name="validatep2" time="1.016"/>
  <system-out/>
</testsuite> <!-- QAA_POM_NETOURS.script.Ntouristc01 -->
